<?xml version="1.0" encoding="UTF-8"?>
<!-- Generated by org.testng.reporters.JUnitReportReporter -->
<testsuite hostname="Hank" failures="1" tests="12" name="runner.TestRunner_TestNg" time="6.492" errors="0" timestamp="2024-02-15T13:46:06 PST" skipped="0">
  <testcase classname="runner.TestRunner_TestNg" name="runScenario" time="0.560"/>
  <testcase classname="runner.TestRunner_TestNg" name="runScenario" time="0.336"/>
  <testcase classname="runner.TestRunner_TestNg" name="runScenario" time="0.469"/>
  <testcase classname="runner.TestRunner_TestNg" name="runScenario" time="0.476"/>
  <testcase classname="runner.TestRunner_TestNg" name="runScenario" time="0.657"/>
  <testcase classname="runner.TestRunner_TestNg" name="runScenario" time="0.667">
    <failure message="expected [Username already exists] but found [password_mismatch:The two password fields didn’t match.]" type="java.lang.AssertionError">
      <![CDATA[java.lang.AssertionError: expected [Username already exists] but found [password_mismatch:The two password fields didn’t match.]
at org.testng.Assert.fail(Assert.java:111)
at org.testng.Assert.failNotEquals(Assert.java:1578)
at org.testng.Assert.assertEqualsImpl(Assert.java:150)
at org.testng.Assert.assertEquals(Assert.java:132)
at org.testng.Assert.assertEquals(Assert.java:656)
at org.testng.Assert.assertEquals(Assert.java:666)
at stepdefinition.RegisterPageSteps.it_should_display_error_message_as(RegisterPageSteps.java:182)
at ✽.It should display error message as "Username already exists"(file:///C:/Users/balbi/git/NumpyNinjaDSAlgo/src/test/resources/features/Register.feature:94)
]]>
    </failure>
  </testcase> <!-- runScenario -->
  <testcase classname="runner.TestRunner_TestNg" name="runScenario" time="1.292"/>
  <testcase classname="runner.TestRunner_TestNg" name="runScenario" time="0.308"/>
  <testcase classname="runner.TestRunner_TestNg" name="runScenario" time="0.475"/>
  <testcase classname="runner.TestRunner_TestNg" name="runScenario" time="0.473"/>
  <testcase classname="runner.TestRunner_TestNg" name="runScenario" time="0.489"/>
  <testcase classname="runner.TestRunner_TestNg" name="runScenario" time="0.290"/>
</testsuite> <!-- runner.TestRunner_TestNg -->
