<?xml version="1.0" encoding="UTF-8"?>
<!-- Generated by org.testng.reporters.JUnitReportReporter -->
<testsuite hostname="Hank" failures="1" tests="12" name="runner.TestRunner_TestNg" time="5.954" errors="0" timestamp="2024-02-15T14:14:06 PST" skipped="0">
  <testcase classname="runner.TestRunner_TestNg" name="runScenario" time="0.486"/>
  <testcase classname="runner.TestRunner_TestNg" name="runScenario" time="0.243"/>
  <testcase classname="runner.TestRunner_TestNg" name="runScenario" time="0.462"/>
  <testcase classname="runner.TestRunner_TestNg" name="runScenario" time="0.263"/>
  <testcase classname="runner.TestRunner_TestNg" name="runScenario" time="0.307"/>
  <testcase classname="runner.TestRunner_TestNg" name="runScenario" time="0.480"/>
  <testcase classname="runner.TestRunner_TestNg" name="runScenario" time="0.483"/>
  <testcase classname="runner.TestRunner_TestNg" name="runScenario" time="0.466"/>
  <testcase classname="runner.TestRunner_TestNg" name="runScenario" time="1.139"/>
  <testcase classname="runner.TestRunner_TestNg" name="runScenario" time="0.484"/>
  <testcase classname="runner.TestRunner_TestNg" name="runScenario" time="0.658">
    <failure message="expected [Username already exists] but found [password_mismatch:The two password fields didn’t match.]" type="java.lang.AssertionError">
      <![CDATA[java.lang.AssertionError: expected [Username already exists] but found [password_mismatch:The two password fields didn’t match.]
at org.testng.Assert.fail(Assert.java:111)
at org.testng.Assert.failNotEquals(Assert.java:1578)
at org.testng.Assert.assertEqualsImpl(Assert.java:150)
at org.testng.Assert.assertEquals(Assert.java:132)
at org.testng.Assert.assertEquals(Assert.java:656)
at org.testng.Assert.assertEquals(Assert.java:666)
at stepdefinition.RegisterPageSteps.it_should_display_error_message_as(RegisterPageSteps.java:182)
at ✽.It should display error message as "Username already exists"(file:///C:/Users/balbi/git/NumpyNinjaDSAlgo/src/test/resources/features/Register.feature:94)
]]>
    </failure>
  </testcase> <!-- runScenario -->
  <testcase classname="runner.TestRunner_TestNg" name="runScenario" time="0.483"/>
</testsuite> <!-- runner.TestRunner_TestNg -->
